0 info it worked if it ends with ok
1 verbose cli [ '/users/nfs/Vrac/PROGRES/local/bin/node',
1 verbose cli   '/Vrac/PROGRES/local/bin/npm',
1 verbose cli   'start' ]
2 info using npm@3.8.0
3 info using node@v5.8.0
4 verbose stack Error: missing script: start
4 verbose stack     at run (/users/nfs/Vrac/PROGRES/local/lib/node_modules/npm/lib/run-script.js:147:19)
4 verbose stack     at /users/nfs/Vrac/PROGRES/local/lib/node_modules/npm/lib/run-script.js:57:5
4 verbose stack     at /users/nfs/Vrac/PROGRES/local/lib/node_modules/npm/node_modules/read-package-json/read-json.js:345:5
4 verbose stack     at checkBinReferences_ (/users/nfs/Vrac/PROGRES/local/lib/node_modules/npm/node_modules/read-package-json/read-json.js:309:45)
4 verbose stack     at final (/users/nfs/Vrac/PROGRES/local/lib/node_modules/npm/node_modules/read-package-json/read-json.js:343:3)
4 verbose stack     at then (/users/nfs/Vrac/PROGRES/local/lib/node_modules/npm/node_modules/read-package-json/read-json.js:113:5)
4 verbose stack     at ReadFileContext.<anonymous> (/users/nfs/Vrac/PROGRES/local/lib/node_modules/npm/node_modules/read-package-json/read-json.js:284:20)
4 verbose stack     at ReadFileContext.callback (/users/nfs/Vrac/PROGRES/local/lib/node_modules/npm/node_modules/graceful-fs/graceful-fs.js:78:16)
4 verbose stack     at FSReqWrap.readFileAfterOpen [as oncomplete] (fs.js:324:13)
5 verbose cwd /users/nfs/Etu3/3525433/Documents/progres/projetBot
6 error Linux 3.16.0-4-amd64
7 error argv "/users/nfs/Vrac/PROGRES/local/bin/node" "/Vrac/PROGRES/local/bin/npm" "start"
8 error node v5.8.0
9 error npm  v3.8.0
10 error missing script: start
11 error If you need help, you may report this error at:
11 error     <https://github.com/npm/npm/issues>
12 verbose exit [ 1, true ]
